[INFO] Scanning for projects...
[INFO] 
[INFO] ----------------------< it.diyar:ecommerce-demos >----------------------
[INFO] Building ecommerce-demos 0.0.1-SNAPSHOT
[INFO]   from pom.xml
[INFO] --------------------------------[ jar ]---------------------------------
[INFO] 
[INFO] >>> spring-boot:3.3.12:run (default-cli) > test-compile @ ecommerce-demos >>>
[INFO] 
[INFO] --- resources:3.3.1:resources (default-resources) @ ecommerce-demos ---
[INFO] Copying 1 resource from src/main/resources to target/classes
[INFO] Copying 1 resource from src/main/resources to target/classes
[INFO] 
[INFO] --- compiler:3.13.0:compile (default-compile) @ ecommerce-demos ---
[INFO] Nothing to compile - all classes are up to date.
[INFO] 
[INFO] --- resources:3.3.1:testResources (default-testResources) @ ecommerce-demos ---
[INFO] skip non existing resourceDirectory /Users/user/Desktop/justeat-example/ecommerce-demos/src/test/resources
[INFO] 
[INFO] --- compiler:3.13.0:testCompile (default-testCompile) @ ecommerce-demos ---
[INFO] Recompiling the module because of changed source code.
[INFO] Compiling 1 source file with javac [debug parameters release 17] to target/test-classes
[INFO] 
[INFO] <<< spring-boot:3.3.12:run (default-cli) < test-compile @ ecommerce-demos <<<
[INFO] 
[INFO] 
[INFO] --- spring-boot:3.3.12:run (default-cli) @ ecommerce-demos ---
[INFO] Attaching agents: []
Chiave JWT sicura: LqYmUOl99Y/QD8J4r4TDL3NbGnNnZ4a5j4WxGJ+3jeg=

  .   ____          _            __ _ _
 /\\ / ___'_ __ _ _(_)_ __  __ _ \ \ \ \
( ( )\___ | '_ | '_| | '_ \/ _` | \ \ \ \
 \\/  ___)| |_)| | | | | || (_| |  ) ) ) )
  '  |____| .__|_| |_|_| |_\__, | / / / /
 =========|_|==============|___/=/_/_/_/

 :: Spring Boot ::               (v3.3.12)

2025-06-19T11:03:53.848+02:00  INFO 37986 --- [           main] i.d.e.EcommerceDemosApplication          : Starting EcommerceDemosApplication using Java 23.0.2 with PID 37986 (/Users/user/Desktop/justeat-example/ecommerce-demos/target/classes started by user in /Users/user/Desktop/justeat-example/ecommerce-demos)
2025-06-19T11:03:53.850+02:00  INFO 37986 --- [           main] i.d.e.EcommerceDemosApplication          : No active profile set, falling back to 1 default profile: "default"
2025-06-19T11:03:54.535+02:00  INFO 37986 --- [           main] .s.d.r.c.RepositoryConfigurationDelegate : Bootstrapping Spring Data JPA repositories in DEFAULT mode.
2025-06-19T11:03:54.607+02:00  INFO 37986 --- [           main] .s.d.r.c.RepositoryConfigurationDelegate : Finished Spring Data repository scanning in 63 ms. Found 6 JPA repository interfaces.
2025-06-19T11:03:55.280+02:00  INFO 37986 --- [           main] o.s.b.w.embedded.tomcat.TomcatWebServer  : Tomcat initialized with port 8080 (http)
2025-06-19T11:03:55.301+02:00  INFO 37986 --- [           main] o.apache.catalina.core.StandardService   : Starting service [Tomcat]
2025-06-19T11:03:55.302+02:00  INFO 37986 --- [           main] o.apache.catalina.core.StandardEngine    : Starting Servlet engine: [Apache Tomcat/10.1.41]
2025-06-19T11:03:55.362+02:00  INFO 37986 --- [           main] o.a.c.c.C.[Tomcat].[localhost].[/]       : Initializing Spring embedded WebApplicationContext
2025-06-19T11:03:55.364+02:00  INFO 37986 --- [           main] w.s.c.ServletWebServerApplicationContext : Root WebApplicationContext: initialization completed in 1463 ms
2025-06-19T11:03:55.545+02:00  INFO 37986 --- [           main] o.hibernate.jpa.internal.util.LogHelper  : HHH000204: Processing PersistenceUnitInfo [name: default]
2025-06-19T11:03:55.608+02:00  INFO 37986 --- [           main] org.hibernate.Version                    : HHH000412: Hibernate ORM core version 6.5.3.Final
2025-06-19T11:03:55.648+02:00  INFO 37986 --- [           main] o.h.c.internal.RegionFactoryInitiator    : HHH000026: Second-level cache disabled
2025-06-19T11:03:56.133+02:00  INFO 37986 --- [           main] o.s.o.j.p.SpringPersistenceUnitInfo      : No LoadTimeWeaver setup: ignoring JPA class transformer
2025-06-19T11:03:56.166+02:00  INFO 37986 --- [           main] com.zaxxer.hikari.HikariDataSource       : HikariPool-1 - Starting...
2025-06-19T11:03:56.400+02:00  INFO 37986 --- [           main] com.zaxxer.hikari.pool.HikariPool        : HikariPool-1 - Added connection conn0: url=jdbc:h2:mem:ecommerce_db user=SA
2025-06-19T11:03:56.405+02:00  INFO 37986 --- [           main] com.zaxxer.hikari.HikariDataSource       : HikariPool-1 - Start completed.
2025-06-19T11:03:57.567+02:00  INFO 37986 --- [           main] o.h.e.t.j.p.i.JtaPlatformInitiator       : HHH000489: No JTA platform available (set 'hibernate.transaction.jta.platform' to enable JTA platform integration)
Hibernate: create table cart_items (id bigint generated by default as identity, quantity integer not null, product_id bigint not null, user_id bigint not null, primary key (id))
Hibernate: create table categories (id bigint generated by default as identity, description varchar(500), name varchar(100) not null, primary key (id))
Hibernate: create table order_items (id bigint generated by default as identity, price float(53) not null, quantity integer not null, order_id bigint not null, product_id bigint not null, primary key (id))
Hibernate: create table orders (id bigint generated by default as identity, date timestamp(6) not null, total float(53) not null, user_id bigint not null, primary key (id))
Hibernate: create table products (id bigint generated by default as identity, description varchar(500), image_url varchar(255), name varchar(100) not null, price float(53), category_id bigint, primary key (id))
Hibernate: create table roles (id integer generated by default as identity, name enum ('ROLE_ADMIN','ROLE_USER'), primary key (id))
Hibernate: create table user_roles (user_id bigint not null, role_id integer not null, primary key (user_id, role_id))
Hibernate: create table users (id bigint generated by default as identity, email varchar(255) not null, name varchar(255) not null, password varchar(255) not null, primary key (id))
Hibernate: alter table if exists users drop constraint if exists UK6dotkott2kjsp8vw4d0m25fb7
Hibernate: alter table if exists users add constraint UK6dotkott2kjsp8vw4d0m25fb7 unique (email)
Hibernate: alter table if exists cart_items add constraint FK1re40cjegsfvw58xrkdp6bac6 foreign key (product_id) references products
Hibernate: alter table if exists cart_items add constraint FK709eickf3kc0dujx3ub9i7btf foreign key (user_id) references users
Hibernate: alter table if exists order_items add constraint FKbioxgbv59vetrxe0ejfubep1w foreign key (order_id) references orders
Hibernate: alter table if exists order_items add constraint FKocimc7dtr037rh4ls4l95nlfi foreign key (product_id) references products
Hibernate: alter table if exists orders add constraint FK32ql8ubntj5uh44ph9659tiih foreign key (user_id) references users
Hibernate: alter table if exists products add constraint FKog2rp4qthbtt2lfyhfo32lsw9 foreign key (category_id) references categories
Hibernate: alter table if exists user_roles add constraint FKh8ciramu9cc9q3qcqiv4ue8a6 foreign key (role_id) references roles
Hibernate: alter table if exists user_roles add constraint FKhfh9dx7w3ubf1co1vdev94g3f foreign key (user_id) references users
2025-06-19T11:03:57.695+02:00  INFO 37986 --- [           main] j.LocalContainerEntityManagerFactoryBean : Initialized JPA EntityManagerFactory for persistence unit 'default'
2025-06-19T11:03:58.425+02:00  INFO 37986 --- [           main] r$InitializeUserDetailsManagerConfigurer : Global AuthenticationManager configured with UserDetailsService bean with name userDetailsServiceImpl
2025-06-19T11:03:58.733+02:00  WARN 37986 --- [           main] JpaBaseConfiguration$JpaWebConfiguration : spring.jpa.open-in-view is enabled by default. Therefore, database queries may be performed during view rendering. Explicitly configure spring.jpa.open-in-view to disable this warning
2025-06-19T11:03:59.762+02:00  INFO 37986 --- [           main] o.s.b.a.h2.H2ConsoleAutoConfiguration    : H2 console available at '/h2-console'. Database available at 'jdbc:h2:mem:ecommerce_db'
2025-06-19T11:03:59.978+02:00  INFO 37986 --- [           main] o.s.b.w.embedded.tomcat.TomcatWebServer  : Tomcat started on port 8080 (http) with context path '/'
2025-06-19T11:04:00.001+02:00  INFO 37986 --- [           main] i.d.e.EcommerceDemosApplication          : Started EcommerceDemosApplication in 6.511 seconds (process running for 6.907)
Hibernate: select r1_0.id,r1_0.name from roles r1_0 where r1_0.name=?
Hibernate: insert into roles (name,id) values (?,default)
Hibernate: select r1_0.id,r1_0.name from roles r1_0 where r1_0.name=?
Hibernate: insert into roles (name,id) values (?,default)
2025-06-19T11:05:01.013+02:00  INFO 37986 --- [nio-8080-exec-1] o.a.c.c.C.[Tomcat].[localhost].[/]       : Initializing Spring DispatcherServlet 'dispatcherServlet'
2025-06-19T11:05:01.014+02:00  INFO 37986 --- [nio-8080-exec-1] o.s.web.servlet.DispatcherServlet        : Initializing Servlet 'dispatcherServlet'
2025-06-19T11:05:01.016+02:00  INFO 37986 --- [nio-8080-exec-1] o.s.web.servlet.DispatcherServlet        : Completed initialization in 2 ms
Hibernate: select p1_0.id,p1_0.category_id,p1_0.description,p1_0.image_url,p1_0.name,p1_0.price from products p1_0
2025-06-19T11:06:51.963+02:00 ERROR 37986 --- [nio-8080-exec-3] i.d.ecommercedemos.security.JwtUtils     : Invalid JWT: JWT strings must contain exactly 2 period characters. Found: 0
2025-06-19T11:06:52.017+02:00 ERROR 37986 --- [nio-8080-exec-5] i.d.ecommercedemos.security.JwtUtils     : Invalid JWT: JWT strings must contain exactly 2 period characters. Found: 0
2025-06-19T11:08:11.509+02:00  INFO 37986 --- [ionShutdownHook] j.LocalContainerEntityManagerFactoryBean : Closing JPA EntityManagerFactory for persistence unit 'default'
2025-06-19T11:08:11.517+02:00  INFO 37986 --- [ionShutdownHook] com.zaxxer.hikari.HikariDataSource       : HikariPool-1 - Shutdown initiated...
2025-06-19T11:08:11.522+02:00  INFO 37986 --- [ionShutdownHook] com.zaxxer.hikari.HikariDataSource       : HikariPool-1 - Shutdown completed.
